{"/Users/sergeKOUAME/DEV/ai-dev-system/projects/teams/EDUTRACK_CI/edutrack-api/src/modules/attendance/attendance.service.ts": {"path":"/Users/sergeKOUAME/DEV/ai-dev-system/projects/teams/EDUTRACK_CI/edutrack-api/src/modules/attendance/attendance.service.ts","all":false,"statementMap":{"0":{"start":{"line":1,"column":0},"end":{"line":1,"column":8}},"5":{"start":{"line":6,"column":0},"end":{"line":6,"column":66}},"7":{"start":{"line":8,"column":0},"end":{"line":8,"column":95}},"8":{"start":{"line":9,"column":0},"end":{"line":9,"column":71}},"10":{"start":{"line":11,"column":0},"end":{"line":11,"column":50}},"11":{"start":{"line":12,"column":0},"end":{"line":12,"column":14}},"12":{"start":{"line":13,"column":0},"end":{"line":13,"column":20}},"13":{"start":{"line":14,"column":0},"end":{"line":14,"column":39}},"14":{"start":{"line":15,"column":0},"end":{"line":15,"column":32}},"15":{"start":{"line":16,"column":0},"end":{"line":16,"column":5}},"16":{"start":{"line":17,"column":0},"end":{"line":17,"column":19}},"17":{"start":{"line":18,"column":0},"end":{"line":18,"column":40}},"18":{"start":{"line":19,"column":0},"end":{"line":19,"column":3}},"19":{"start":{"line":20,"column":0},"end":{"line":20,"column":1}},"26":{"start":{"line":27,"column":0},"end":{"line":27,"column":75}},"28":{"start":{"line":29,"column":0},"end":{"line":29,"column":51}},"29":{"start":{"line":30,"column":0},"end":{"line":30,"column":29}},"30":{"start":{"line":31,"column":0},"end":{"line":31,"column":25}},"31":{"start":{"line":32,"column":0},"end":{"line":32,"column":2}},"33":{"start":{"line":34,"column":0},"end":{"line":34,"column":94}},"35":{"start":{"line":36,"column":0},"end":{"line":36,"column":57}},"37":{"start":{"line":38,"column":0},"end":{"line":38,"column":32}},"38":{"start":{"line":39,"column":0},"end":{"line":39,"column":67}},"40":{"start":{"line":41,"column":0},"end":{"line":41,"column":16}},"41":{"start":{"line":42,"column":0},"end":{"line":42,"column":12}},"45":{"start":{"line":46,"column":0},"end":{"line":46,"column":27}},"46":{"start":{"line":47,"column":0},"end":{"line":47,"column":29}},"47":{"start":{"line":48,"column":0},"end":{"line":48,"column":78}},"48":{"start":{"line":49,"column":0},"end":{"line":49,"column":19}},"49":{"start":{"line":50,"column":0},"end":{"line":50,"column":93}},"50":{"start":{"line":51,"column":0},"end":{"line":51,"column":5}},"52":{"start":{"line":53,"column":0},"end":{"line":53,"column":73}},"53":{"start":{"line":54,"column":0},"end":{"line":54,"column":23}},"54":{"start":{"line":55,"column":0},"end":{"line":55,"column":16}},"55":{"start":{"line":56,"column":0},"end":{"line":56,"column":6}},"56":{"start":{"line":57,"column":0},"end":{"line":57,"column":20}},"57":{"start":{"line":58,"column":0},"end":{"line":58,"column":87}},"58":{"start":{"line":59,"column":0},"end":{"line":59,"column":5}},"60":{"start":{"line":61,"column":0},"end":{"line":61,"column":48}},"61":{"start":{"line":62,"column":0},"end":{"line":62,"column":35}},"62":{"start":{"line":63,"column":0},"end":{"line":63,"column":67}},"63":{"start":{"line":64,"column":0},"end":{"line":64,"column":63}},"64":{"start":{"line":65,"column":0},"end":{"line":65,"column":78}},"66":{"start":{"line":67,"column":0},"end":{"line":67,"column":41}},"67":{"start":{"line":68,"column":0},"end":{"line":68,"column":28}},"68":{"start":{"line":69,"column":0},"end":{"line":69,"column":38}},"69":{"start":{"line":70,"column":0},"end":{"line":70,"column":11}},"70":{"start":{"line":71,"column":0},"end":{"line":71,"column":28}},"71":{"start":{"line":72,"column":0},"end":{"line":72,"column":38}},"72":{"start":{"line":73,"column":0},"end":{"line":73,"column":38}},"73":{"start":{"line":74,"column":0},"end":{"line":74,"column":7}},"75":{"start":{"line":76,"column":0},"end":{"line":76,"column":37}},"76":{"start":{"line":77,"column":0},"end":{"line":77,"column":40}},"77":{"start":{"line":78,"column":0},"end":{"line":78,"column":39}},"78":{"start":{"line":79,"column":0},"end":{"line":79,"column":40}},"79":{"start":{"line":80,"column":0},"end":{"line":80,"column":13}},"80":{"start":{"line":81,"column":0},"end":{"line":81,"column":49}},"81":{"start":{"line":82,"column":0},"end":{"line":82,"column":9}},"82":{"start":{"line":83,"column":0},"end":{"line":83,"column":5}},"84":{"start":{"line":85,"column":0},"end":{"line":85,"column":27}},"85":{"start":{"line":86,"column":0},"end":{"line":86,"column":35}},"86":{"start":{"line":87,"column":0},"end":{"line":87,"column":37}},"87":{"start":{"line":88,"column":0},"end":{"line":88,"column":28}},"88":{"start":{"line":89,"column":0},"end":{"line":89,"column":38}},"89":{"start":{"line":90,"column":0},"end":{"line":90,"column":11}},"90":{"start":{"line":91,"column":0},"end":{"line":91,"column":38}},"91":{"start":{"line":92,"column":0},"end":{"line":92,"column":35}},"92":{"start":{"line":93,"column":0},"end":{"line":93,"column":6}},"94":{"start":{"line":95,"column":0},"end":{"line":95,"column":35}},"95":{"start":{"line":96,"column":0},"end":{"line":96,"column":23}},"96":{"start":{"line":97,"column":0},"end":{"line":97,"column":25}},"97":{"start":{"line":98,"column":0},"end":{"line":98,"column":45}},"98":{"start":{"line":99,"column":0},"end":{"line":99,"column":9}},"99":{"start":{"line":100,"column":0},"end":{"line":100,"column":45}},"100":{"start":{"line":101,"column":0},"end":{"line":101,"column":42}},"101":{"start":{"line":102,"column":0},"end":{"line":102,"column":5}},"103":{"start":{"line":104,"column":0},"end":{"line":104,"column":12}},"104":{"start":{"line":105,"column":0},"end":{"line":105,"column":28}},"105":{"start":{"line":106,"column":0},"end":{"line":106,"column":38}},"106":{"start":{"line":107,"column":0},"end":{"line":107,"column":38}},"107":{"start":{"line":108,"column":0},"end":{"line":108,"column":6}},"108":{"start":{"line":109,"column":0},"end":{"line":109,"column":3}},"110":{"start":{"line":111,"column":0},"end":{"line":111,"column":15}},"111":{"start":{"line":112,"column":0},"end":{"line":112,"column":12}},"117":{"start":{"line":118,"column":0},"end":{"line":118,"column":27}},"122":{"start":{"line":123,"column":0},"end":{"line":123,"column":6}},"123":{"start":{"line":124,"column":0},"end":{"line":124,"column":78}},"124":{"start":{"line":125,"column":0},"end":{"line":125,"column":19}},"125":{"start":{"line":126,"column":0},"end":{"line":126,"column":93}},"126":{"start":{"line":127,"column":0},"end":{"line":127,"column":5}},"128":{"start":{"line":129,"column":0},"end":{"line":129,"column":73}},"129":{"start":{"line":130,"column":0},"end":{"line":130,"column":23}},"130":{"start":{"line":131,"column":0},"end":{"line":131,"column":16}},"131":{"start":{"line":132,"column":0},"end":{"line":132,"column":6}},"132":{"start":{"line":133,"column":0},"end":{"line":133,"column":20}},"133":{"start":{"line":134,"column":0},"end":{"line":134,"column":87}},"134":{"start":{"line":135,"column":0},"end":{"line":135,"column":5}},"136":{"start":{"line":137,"column":0},"end":{"line":137,"column":48}},"137":{"start":{"line":138,"column":0},"end":{"line":138,"column":33}},"139":{"start":{"line":140,"column":0},"end":{"line":140,"column":77}},"141":{"start":{"line":142,"column":0},"end":{"line":142,"column":41}},"142":{"start":{"line":143,"column":0},"end":{"line":143,"column":38}},"143":{"start":{"line":144,"column":0},"end":{"line":144,"column":51}},"144":{"start":{"line":145,"column":0},"end":{"line":145,"column":25}},"145":{"start":{"line":146,"column":0},"end":{"line":146,"column":44}},"146":{"start":{"line":147,"column":0},"end":{"line":147,"column":40}},"147":{"start":{"line":148,"column":0},"end":{"line":148,"column":26}},"148":{"start":{"line":149,"column":0},"end":{"line":149,"column":7}},"150":{"start":{"line":151,"column":0},"end":{"line":151,"column":50}},"151":{"start":{"line":152,"column":0},"end":{"line":152,"column":28}},"152":{"start":{"line":153,"column":0},"end":{"line":153,"column":38}},"153":{"start":{"line":154,"column":0},"end":{"line":154,"column":11}},"154":{"start":{"line":155,"column":0},"end":{"line":155,"column":7}},"156":{"start":{"line":157,"column":0},"end":{"line":157,"column":43}},"157":{"start":{"line":158,"column":0},"end":{"line":158,"column":40}},"158":{"start":{"line":159,"column":0},"end":{"line":159,"column":28}},"159":{"start":{"line":160,"column":0},"end":{"line":160,"column":38}},"160":{"start":{"line":161,"column":0},"end":{"line":161,"column":11}},"161":{"start":{"line":162,"column":0},"end":{"line":162,"column":31}},"162":{"start":{"line":163,"column":0},"end":{"line":163,"column":45}},"163":{"start":{"line":164,"column":0},"end":{"line":164,"column":19}},"164":{"start":{"line":165,"column":0},"end":{"line":165,"column":37}},"165":{"start":{"line":166,"column":0},"end":{"line":166,"column":37}},"166":{"start":{"line":167,"column":0},"end":{"line":167,"column":7}},"168":{"start":{"line":169,"column":0},"end":{"line":169,"column":52}},"169":{"start":{"line":170,"column":0},"end":{"line":170,"column":26}},"170":{"start":{"line":171,"column":0},"end":{"line":171,"column":37}},"171":{"start":{"line":172,"column":0},"end":{"line":172,"column":39}},"172":{"start":{"line":173,"column":0},"end":{"line":173,"column":30}},"173":{"start":{"line":174,"column":0},"end":{"line":174,"column":40}},"174":{"start":{"line":175,"column":0},"end":{"line":175,"column":13}},"175":{"start":{"line":176,"column":0},"end":{"line":176,"column":40}},"176":{"start":{"line":177,"column":0},"end":{"line":177,"column":27}},"177":{"start":{"line":178,"column":0},"end":{"line":178,"column":9}},"178":{"start":{"line":179,"column":0},"end":{"line":179,"column":5}},"180":{"start":{"line":181,"column":0},"end":{"line":181,"column":12}},"181":{"start":{"line":182,"column":0},"end":{"line":182,"column":30}},"182":{"start":{"line":183,"column":0},"end":{"line":183,"column":19}},"183":{"start":{"line":184,"column":0},"end":{"line":184,"column":38}},"184":{"start":{"line":185,"column":0},"end":{"line":185,"column":6}},"185":{"start":{"line":186,"column":0},"end":{"line":186,"column":3}},"187":{"start":{"line":188,"column":0},"end":{"line":188,"column":102}},"188":{"start":{"line":189,"column":0},"end":{"line":189,"column":78}},"189":{"start":{"line":190,"column":0},"end":{"line":190,"column":19}},"190":{"start":{"line":191,"column":0},"end":{"line":191,"column":93}},"191":{"start":{"line":192,"column":0},"end":{"line":192,"column":5}},"193":{"start":{"line":194,"column":0},"end":{"line":194,"column":27}},"194":{"start":{"line":195,"column":0},"end":{"line":195,"column":34}},"195":{"start":{"line":196,"column":0},"end":{"line":196,"column":45}},"197":{"start":{"line":198,"column":0},"end":{"line":198,"column":72}},"198":{"start":{"line":199,"column":0},"end":{"line":199,"column":28}},"199":{"start":{"line":200,"column":0},"end":{"line":200,"column":11}},"200":{"start":{"line":201,"column":0},"end":{"line":201,"column":16}},"201":{"start":{"line":202,"column":0},"end":{"line":202,"column":7}},"203":{"start":{"line":204,"column":0},"end":{"line":204,"column":27}},"204":{"start":{"line":205,"column":0},"end":{"line":205,"column":3}},"206":{"start":{"line":207,"column":0},"end":{"line":207,"column":95}},"207":{"start":{"line":208,"column":0},"end":{"line":208,"column":50}},"208":{"start":{"line":209,"column":0},"end":{"line":209,"column":71}},"210":{"start":{"line":211,"column":0},"end":{"line":211,"column":33}},"211":{"start":{"line":212,"column":0},"end":{"line":212,"column":26}},"212":{"start":{"line":213,"column":0},"end":{"line":213,"column":37}},"213":{"start":{"line":214,"column":0},"end":{"line":214,"column":39}},"214":{"start":{"line":215,"column":0},"end":{"line":215,"column":34}},"215":{"start":{"line":216,"column":0},"end":{"line":216,"column":36}},"216":{"start":{"line":217,"column":0},"end":{"line":217,"column":13}},"217":{"start":{"line":218,"column":0},"end":{"line":218,"column":45}},"218":{"start":{"line":219,"column":0},"end":{"line":219,"column":28}},"219":{"start":{"line":220,"column":0},"end":{"line":220,"column":9}},"221":{"start":{"line":222,"column":0},"end":{"line":222,"column":45}},"222":{"start":{"line":223,"column":0},"end":{"line":223,"column":34}},"223":{"start":{"line":224,"column":0},"end":{"line":224,"column":36}},"224":{"start":{"line":225,"column":0},"end":{"line":225,"column":13}},"225":{"start":{"line":226,"column":0},"end":{"line":226,"column":9}},"226":{"start":{"line":227,"column":0},"end":{"line":227,"column":5}},"228":{"start":{"line":229,"column":0},"end":{"line":229,"column":26}},"229":{"start":{"line":230,"column":0},"end":{"line":230,"column":3}},"230":{"start":{"line":231,"column":0},"end":{"line":231,"column":1}},"232":{"start":{"line":233,"column":0},"end":{"line":233,"column":39}},"233":{"start":{"line":234,"column":0},"end":{"line":234,"column":59}},"234":{"start":{"line":235,"column":0},"end":{"line":235,"column":76}}},"s":{"0":1,"5":1,"7":1,"8":1,"10":1,"11":1,"12":0,"13":0,"14":0,"15":0,"16":0,"17":0,"18":0,"19":1,"26":1,"28":1,"29":0,"30":0,"31":0,"33":1,"35":1,"37":1,"38":1,"40":1,"41":2,"45":2,"46":2,"47":2,"48":2,"49":0,"50":0,"52":2,"53":2,"54":2,"55":2,"56":2,"57":0,"58":0,"60":2,"61":2,"62":2,"63":2,"64":2,"66":2,"67":2,"68":2,"69":2,"70":2,"71":2,"72":2,"73":2,"75":2,"76":2,"77":2,"78":2,"79":2,"80":2,"81":2,"82":2,"84":2,"85":2,"86":2,"87":2,"88":2,"89":2,"90":2,"91":2,"92":2,"94":2,"95":1,"96":1,"97":1,"98":1,"99":1,"100":1,"101":1,"103":2,"104":2,"105":2,"106":2,"107":2,"108":2,"110":1,"111":1,"117":1,"122":1,"123":1,"124":1,"125":0,"126":0,"128":1,"129":1,"130":1,"131":1,"132":1,"133":0,"134":0,"136":1,"137":1,"139":1,"141":1,"142":1,"143":1,"144":1,"145":1,"146":1,"147":1,"148":1,"150":1,"151":1,"152":1,"153":1,"154":1,"156":1,"157":1,"158":1,"159":1,"160":1,"161":1,"162":1,"163":1,"164":1,"165":1,"166":1,"168":1,"169":1,"170":1,"171":1,"172":1,"173":1,"174":1,"175":1,"176":1,"177":1,"178":1,"180":1,"181":1,"182":1,"183":1,"184":1,"185":1,"187":1,"188":0,"189":0,"190":0,"191":0,"193":0,"194":0,"195":0,"197":0,"198":0,"199":0,"200":0,"201":0,"203":0,"204":0,"206":1,"207":1,"208":1,"210":1,"211":2,"212":2,"213":2,"214":2,"215":2,"216":2,"217":2,"218":2,"219":2,"221":2,"222":2,"223":2,"224":2,"225":2,"226":2,"228":1,"229":1,"230":1,"232":1,"233":0,"234":0},"branchMap":{"0":{"type":"branch","line":34,"loc":{"start":{"line":34,"column":23},"end":{"line":34,"column":94}},"locations":[{"start":{"line":34,"column":23},"end":{"line":34,"column":94}}]},"1":{"type":"branch","line":36,"loc":{"start":{"line":36,"column":14},"end":{"line":36,"column":57}},"locations":[{"start":{"line":36,"column":14},"end":{"line":36,"column":57}}]},"2":{"type":"branch","line":39,"loc":{"start":{"line":39,"column":2},"end":{"line":39,"column":67}},"locations":[{"start":{"line":39,"column":2},"end":{"line":39,"column":67}}]},"3":{"type":"branch","line":39,"loc":{"start":{"line":39,"column":31},"end":{"line":39,"column":65}},"locations":[{"start":{"line":39,"column":31},"end":{"line":39,"column":65}}]},"4":{"type":"branch","line":41,"loc":{"start":{"line":41,"column":2},"end":{"line":109,"column":3}},"locations":[{"start":{"line":41,"column":2},"end":{"line":109,"column":3}}]},"5":{"type":"branch","line":49,"loc":{"start":{"line":49,"column":18},"end":{"line":51,"column":5}},"locations":[{"start":{"line":49,"column":18},"end":{"line":51,"column":5}}]},"6":{"type":"branch","line":57,"loc":{"start":{"line":57,"column":19},"end":{"line":59,"column":5}},"locations":[{"start":{"line":57,"column":19},"end":{"line":59,"column":5}}]},"7":{"type":"branch","line":61,"loc":{"start":{"line":61,"column":23},"end":{"line":61,"column":48}},"locations":[{"start":{"line":61,"column":23},"end":{"line":61,"column":48}}]},"8":{"type":"branch","line":95,"loc":{"start":{"line":95,"column":34},"end":{"line":102,"column":5}},"locations":[{"start":{"line":95,"column":34},"end":{"line":102,"column":5}}]},"9":{"type":"branch","line":98,"loc":{"start":{"line":98,"column":28},"end":{"line":98,"column":45}},"locations":[{"start":{"line":98,"column":28},"end":{"line":98,"column":45}}]},"10":{"type":"branch","line":111,"loc":{"start":{"line":111,"column":2},"end":{"line":186,"column":3}},"locations":[{"start":{"line":111,"column":2},"end":{"line":186,"column":3}}]},"11":{"type":"branch","line":125,"loc":{"start":{"line":125,"column":18},"end":{"line":127,"column":5}},"locations":[{"start":{"line":125,"column":18},"end":{"line":127,"column":5}}]},"12":{"type":"branch","line":133,"loc":{"start":{"line":133,"column":19},"end":{"line":135,"column":5}},"locations":[{"start":{"line":133,"column":19},"end":{"line":135,"column":5}}]},"13":{"type":"branch","line":137,"loc":{"start":{"line":137,"column":23},"end":{"line":137,"column":48}},"locations":[{"start":{"line":137,"column":23},"end":{"line":137,"column":48}}]},"14":{"type":"branch","line":163,"loc":{"start":{"line":163,"column":34},"end":{"line":163,"column":45}},"locations":[{"start":{"line":163,"column":34},"end":{"line":163,"column":45}}]},"15":{"type":"branch","line":207,"loc":{"start":{"line":207,"column":2},"end":{"line":230,"column":3}},"locations":[{"start":{"line":207,"column":2},"end":{"line":230,"column":3}}]},"16":{"type":"branch","line":208,"loc":{"start":{"line":208,"column":25},"end":{"line":208,"column":50}},"locations":[{"start":{"line":208,"column":25},"end":{"line":208,"column":50}}]},"17":{"type":"branch","line":211,"loc":{"start":{"line":211,"column":32},"end":{"line":227,"column":5}},"locations":[{"start":{"line":211,"column":32},"end":{"line":227,"column":5}}]}},"b":{"0":[4],"1":[7],"2":[4],"3":[4],"4":[2],"5":[0],"6":[0],"7":[0],"8":[1],"9":[0],"10":[1],"11":[0],"12":[0],"13":[0],"14":[0],"15":[1],"16":[0],"17":[2]},"fnMap":{"0":{"name":"AttendanceModuleError","decl":{"start":{"line":12,"column":2},"end":{"line":19,"column":3}},"loc":{"start":{"line":12,"column":2},"end":{"line":19,"column":3}},"line":12},"1":{"name":"currentDateIso","decl":{"start":{"line":27,"column":23},"end":{"line":27,"column":75}},"loc":{"start":{"line":27,"column":23},"end":{"line":27,"column":75}},"line":27},"2":{"name":"dayOfWeekFromDate","decl":{"start":{"line":29,"column":26},"end":{"line":32,"column":2}},"loc":{"start":{"line":29,"column":26},"end":{"line":32,"column":2}},"line":29},"3":{"name":"toSlotDateTime","decl":{"start":{"line":34,"column":23},"end":{"line":34,"column":94}},"loc":{"start":{"line":34,"column":23},"end":{"line":34,"column":94}},"line":34},"4":{"name":"toIso","decl":{"start":{"line":36,"column":14},"end":{"line":36,"column":57}},"loc":{"start":{"line":36,"column":14},"end":{"line":36,"column":57}},"line":36},"5":{"name":"AttendanceService","decl":{"start":{"line":39,"column":2},"end":{"line":39,"column":67}},"loc":{"start":{"line":39,"column":2},"end":{"line":39,"column":67}},"line":39},"6":{"name":"<instance_members_initializer>","decl":{"start":{"line":39,"column":31},"end":{"line":39,"column":65}},"loc":{"start":{"line":39,"column":31},"end":{"line":39,"column":65}},"line":39},"7":{"name":"checkIn","decl":{"start":{"line":41,"column":2},"end":{"line":109,"column":3}},"loc":{"start":{"line":41,"column":2},"end":{"line":109,"column":3}},"line":41},"8":{"name":"qrScan","decl":{"start":{"line":111,"column":2},"end":{"line":186,"column":3}},"loc":{"start":{"line":111,"column":2},"end":{"line":186,"column":3}},"line":111},"9":{"name":"getActive","decl":{"start":{"line":188,"column":2},"end":{"line":205,"column":3}},"loc":{"start":{"line":188,"column":2},"end":{"line":205,"column":3}},"line":188},"10":{"name":"detectMissingQrScans","decl":{"start":{"line":207,"column":2},"end":{"line":230,"column":3}},"loc":{"start":{"line":207,"column":2},"end":{"line":230,"column":3}},"line":207},"11":{"name":"buildAttendanceService","decl":{"start":{"line":233,"column":38},"end":{"line":235,"column":76}},"loc":{"start":{"line":233,"column":38},"end":{"line":235,"column":76}},"line":233}},"f":{"0":0,"1":0,"2":0,"3":4,"4":7,"5":4,"6":4,"7":2,"8":1,"9":0,"10":1,"11":0}}
,"/Users/sergeKOUAME/DEV/ai-dev-system/projects/teams/EDUTRACK_CI/edutrack-api/src/modules/auth/auth.service.ts": {"path":"/Users/sergeKOUAME/DEV/ai-dev-system/projects/teams/EDUTRACK_CI/edutrack-api/src/modules/auth/auth.service.ts","all":false,"statementMap":{"0":{"start":{"line":1,"column":0},"end":{"line":1,"column":28}},"1":{"start":{"line":2,"column":0},"end":{"line":2,"column":84}},"3":{"start":{"line":4,"column":0},"end":{"line":4,"column":8}},"47":{"start":{"line":48,"column":0},"end":{"line":48,"column":76}},"49":{"start":{"line":50,"column":0},"end":{"line":50,"column":35}},"50":{"start":{"line":51,"column":0},"end":{"line":51,"column":49}},"51":{"start":{"line":52,"column":0},"end":{"line":52,"column":20}},"52":{"start":{"line":53,"column":0},"end":{"line":53,"column":79}},"53":{"start":{"line":54,"column":0},"end":{"line":54,"column":3}},"55":{"start":{"line":56,"column":0},"end":{"line":56,"column":56}},"56":{"start":{"line":57,"column":0},"end":{"line":57,"column":2}},"58":{"start":{"line":59,"column":0},"end":{"line":59,"column":41}},"59":{"start":{"line":60,"column":0},"end":{"line":60,"column":47}},"60":{"start":{"line":61,"column":0},"end":{"line":61,"column":19}},"61":{"start":{"line":62,"column":0},"end":{"line":62,"column":78}},"62":{"start":{"line":63,"column":0},"end":{"line":63,"column":3}},"64":{"start":{"line":65,"column":0},"end":{"line":65,"column":54}},"65":{"start":{"line":66,"column":0},"end":{"line":66,"column":2}},"67":{"start":{"line":68,"column":0},"end":{"line":68,"column":88}},"68":{"start":{"line":69,"column":0},"end":{"line":69,"column":19}},"69":{"start":{"line":70,"column":0},"end":{"line":70,"column":18}},"70":{"start":{"line":71,"column":0},"end":{"line":71,"column":13}},"71":{"start":{"line":72,"column":0},"end":{"line":72,"column":83}},"72":{"start":{"line":73,"column":0},"end":{"line":73,"column":3}},"74":{"start":{"line":75,"column":0},"end":{"line":75,"column":86}},"75":{"start":{"line":76,"column":0},"end":{"line":76,"column":43}},"76":{"start":{"line":77,"column":0},"end":{"line":77,"column":49}},"78":{"start":{"line":79,"column":0},"end":{"line":79,"column":28}},"79":{"start":{"line":80,"column":0},"end":{"line":80,"column":41}},"80":{"start":{"line":81,"column":0},"end":{"line":81,"column":27}},"81":{"start":{"line":82,"column":0},"end":{"line":82,"column":18}},"82":{"start":{"line":83,"column":0},"end":{"line":83,"column":30}},"83":{"start":{"line":84,"column":0},"end":{"line":84,"column":22}},"84":{"start":{"line":85,"column":0},"end":{"line":85,"column":2}},"86":{"start":{"line":87,"column":0},"end":{"line":87,"column":39}},"87":{"start":{"line":88,"column":0},"end":{"line":88,"column":17}},"88":{"start":{"line":89,"column":0},"end":{"line":89,"column":20}},"89":{"start":{"line":90,"column":0},"end":{"line":90,"column":23}},"90":{"start":{"line":91,"column":0},"end":{"line":91,"column":43}},"91":{"start":{"line":92,"column":0},"end":{"line":92,"column":57}},"93":{"start":{"line":94,"column":0},"end":{"line":94,"column":66}},"94":{"start":{"line":95,"column":0},"end":{"line":95,"column":41}},"95":{"start":{"line":96,"column":0},"end":{"line":96,"column":18}},"96":{"start":{"line":97,"column":0},"end":{"line":97,"column":30}},"97":{"start":{"line":98,"column":0},"end":{"line":98,"column":22}},"98":{"start":{"line":99,"column":0},"end":{"line":99,"column":2}},"100":{"start":{"line":101,"column":0},"end":{"line":101,"column":87}},"101":{"start":{"line":102,"column":0},"end":{"line":102,"column":41}},"102":{"start":{"line":103,"column":0},"end":{"line":103,"column":54}},"103":{"start":{"line":104,"column":0},"end":{"line":104,"column":26}},"104":{"start":{"line":105,"column":0},"end":{"line":105,"column":5}},"106":{"start":{"line":107,"column":0},"end":{"line":107,"column":56}},"107":{"start":{"line":108,"column":0},"end":{"line":108,"column":61}},"108":{"start":{"line":109,"column":0},"end":{"line":109,"column":44}},"109":{"start":{"line":110,"column":0},"end":{"line":110,"column":3}},"111":{"start":{"line":112,"column":0},"end":{"line":112,"column":17}},"112":{"start":{"line":113,"column":0},"end":{"line":113,"column":2}},"114":{"start":{"line":115,"column":0},"end":{"line":115,"column":89}},"115":{"start":{"line":116,"column":0},"end":{"line":116,"column":41}},"116":{"start":{"line":117,"column":0},"end":{"line":117,"column":54}},"117":{"start":{"line":118,"column":0},"end":{"line":118,"column":26}},"118":{"start":{"line":119,"column":0},"end":{"line":119,"column":5}},"120":{"start":{"line":121,"column":0},"end":{"line":121,"column":57}},"121":{"start":{"line":122,"column":0},"end":{"line":122,"column":6}},"122":{"start":{"line":123,"column":0},"end":{"line":123,"column":33}},"123":{"start":{"line":124,"column":0},"end":{"line":124,"column":19}},"124":{"start":{"line":125,"column":0},"end":{"line":125,"column":42}},"125":{"start":{"line":126,"column":0},"end":{"line":126,"column":5}},"126":{"start":{"line":127,"column":0},"end":{"line":127,"column":45}},"127":{"start":{"line":128,"column":0},"end":{"line":128,"column":3}},"129":{"start":{"line":130,"column":0},"end":{"line":130,"column":17}},"130":{"start":{"line":131,"column":0},"end":{"line":131,"column":2}},"132":{"start":{"line":133,"column":0},"end":{"line":133,"column":46}},"133":{"start":{"line":134,"column":0},"end":{"line":134,"column":18}},"134":{"start":{"line":135,"column":0},"end":{"line":135,"column":18}},"135":{"start":{"line":136,"column":0},"end":{"line":136,"column":18}},"136":{"start":{"line":137,"column":0},"end":{"line":137,"column":20}},"137":{"start":{"line":138,"column":0},"end":{"line":138,"column":20}},"138":{"start":{"line":139,"column":0},"end":{"line":139,"column":83}},"139":{"start":{"line":140,"column":0},"end":{"line":140,"column":3}},"141":{"start":{"line":142,"column":0},"end":{"line":142,"column":87}},"142":{"start":{"line":143,"column":0},"end":{"line":143,"column":39}},"143":{"start":{"line":144,"column":0},"end":{"line":144,"column":64}},"144":{"start":{"line":145,"column":0},"end":{"line":145,"column":18}},"145":{"start":{"line":146,"column":0},"end":{"line":146,"column":21}},"146":{"start":{"line":147,"column":0},"end":{"line":147,"column":5}},"148":{"start":{"line":149,"column":0},"end":{"line":149,"column":52}},"149":{"start":{"line":150,"column":0},"end":{"line":150,"column":7}},"151":{"start":{"line":152,"column":0},"end":{"line":152,"column":40}},"152":{"start":{"line":153,"column":0},"end":{"line":153,"column":43}},"153":{"start":{"line":154,"column":0},"end":{"line":154,"column":3}},"155":{"start":{"line":156,"column":0},"end":{"line":156,"column":83}},"156":{"start":{"line":157,"column":0},"end":{"line":157,"column":23}},"157":{"start":{"line":158,"column":0},"end":{"line":158,"column":43}},"158":{"start":{"line":159,"column":0},"end":{"line":159,"column":3}},"160":{"start":{"line":161,"column":0},"end":{"line":161,"column":57}},"161":{"start":{"line":162,"column":0},"end":{"line":162,"column":52}},"163":{"start":{"line":164,"column":0},"end":{"line":164,"column":46}},"165":{"start":{"line":166,"column":0},"end":{"line":166,"column":10}},"166":{"start":{"line":167,"column":0},"end":{"line":167,"column":16}},"167":{"start":{"line":168,"column":0},"end":{"line":168,"column":24}},"168":{"start":{"line":169,"column":0},"end":{"line":169,"column":47}},"169":{"start":{"line":170,"column":0},"end":{"line":170,"column":36}},"170":{"start":{"line":171,"column":0},"end":{"line":171,"column":4}},"171":{"start":{"line":172,"column":0},"end":{"line":172,"column":2}},"173":{"start":{"line":174,"column":0},"end":{"line":174,"column":62}},"174":{"start":{"line":175,"column":0},"end":{"line":175,"column":56}},"176":{"start":{"line":177,"column":0},"end":{"line":177,"column":38}},"177":{"start":{"line":178,"column":0},"end":{"line":178,"column":43}},"178":{"start":{"line":179,"column":0},"end":{"line":179,"column":3}},"180":{"start":{"line":181,"column":0},"end":{"line":181,"column":10}},"181":{"start":{"line":182,"column":0},"end":{"line":182,"column":35}},"182":{"start":{"line":183,"column":0},"end":{"line":183,"column":4}},"183":{"start":{"line":184,"column":0},"end":{"line":184,"column":2}},"185":{"start":{"line":186,"column":0},"end":{"line":186,"column":70}},"186":{"start":{"line":187,"column":0},"end":{"line":187,"column":48}},"187":{"start":{"line":188,"column":0},"end":{"line":188,"column":31}},"188":{"start":{"line":189,"column":0},"end":{"line":189,"column":2}}},"s":{"0":1,"1":1,"3":1,"47":1,"49":1,"50":4,"51":4,"52":0,"53":0,"55":4,"56":4,"58":1,"59":6,"60":6,"61":0,"62":0,"64":6,"65":6,"67":1,"68":3,"69":3,"70":3,"71":3,"72":3,"74":1,"75":3,"76":3,"78":3,"79":3,"80":3,"81":3,"82":3,"83":3,"84":3,"86":1,"87":1,"88":1,"89":1,"90":1,"91":1,"93":1,"94":1,"95":1,"96":1,"97":1,"98":1,"100":1,"101":4,"102":4,"103":4,"104":4,"106":3,"107":4,"108":0,"109":0,"111":3,"112":3,"114":1,"115":2,"116":2,"117":2,"118":2,"120":2,"121":2,"122":2,"123":1,"124":1,"125":2,"126":1,"127":1,"129":1,"130":1,"132":1,"133":5,"134":5,"135":5,"136":5,"137":5,"138":5,"139":5,"141":1,"142":6,"143":6,"144":6,"145":4,"146":4,"148":2,"149":6,"151":6,"152":2,"153":2,"155":4,"156":6,"157":1,"158":1,"160":3,"161":3,"163":3,"165":3,"166":3,"167":3,"168":6,"169":6,"170":6,"171":6,"173":1,"174":3,"176":3,"177":1,"178":1,"180":2,"181":2,"182":2,"183":2,"185":1,"186":1,"187":1,"188":1},"branchMap":{"0":{"type":"branch","line":48,"loc":{"start":{"line":48,"column":21},"end":{"line":48,"column":76}},"locations":[{"start":{"line":48,"column":21},"end":{"line":48,"column":76}}]},"1":{"type":"branch","line":50,"loc":{"start":{"line":50,"column":22},"end":{"line":57,"column":2}},"locations":[{"start":{"line":50,"column":22},"end":{"line":57,"column":2}}]},"2":{"type":"branch","line":52,"loc":{"start":{"line":52,"column":19},"end":{"line":54,"column":3}},"locations":[{"start":{"line":52,"column":19},"end":{"line":54,"column":3}}]},"3":{"type":"branch","line":59,"loc":{"start":{"line":59,"column":28},"end":{"line":66,"column":2}},"locations":[{"start":{"line":59,"column":28},"end":{"line":66,"column":2}}]},"4":{"type":"branch","line":61,"loc":{"start":{"line":61,"column":18},"end":{"line":63,"column":3}},"locations":[{"start":{"line":61,"column":18},"end":{"line":63,"column":3}}]},"5":{"type":"branch","line":68,"loc":{"start":{"line":68,"column":27},"end":{"line":73,"column":3}},"locations":[{"start":{"line":68,"column":27},"end":{"line":73,"column":3}}]},"6":{"type":"branch","line":72,"loc":{"start":{"line":72,"column":20},"end":{"line":72,"column":49}},"locations":[{"start":{"line":72,"column":20},"end":{"line":72,"column":49}}]},"7":{"type":"branch","line":72,"loc":{"start":{"line":72,"column":38},"end":{"line":72,"column":79}},"locations":[{"start":{"line":72,"column":38},"end":{"line":72,"column":79}}]},"8":{"type":"branch","line":72,"loc":{"start":{"line":72,"column":75},"end":{"line":72,"column":83}},"locations":[{"start":{"line":72,"column":75},"end":{"line":72,"column":83}}]},"9":{"type":"branch","line":75,"loc":{"start":{"line":75,"column":31},"end":{"line":85,"column":2}},"locations":[{"start":{"line":75,"column":31},"end":{"line":85,"column":2}}]},"10":{"type":"branch","line":77,"loc":{"start":{"line":77,"column":29},"end":{"line":77,"column":49}},"locations":[{"start":{"line":77,"column":29},"end":{"line":77,"column":49}}]},"11":{"type":"branch","line":87,"loc":{"start":{"line":87,"column":32},"end":{"line":99,"column":2}},"locations":[{"start":{"line":87,"column":32},"end":{"line":99,"column":2}}]},"12":{"type":"branch","line":92,"loc":{"start":{"line":92,"column":29},"end":{"line":92,"column":57}},"locations":[{"start":{"line":92,"column":29},"end":{"line":92,"column":57}}]},"13":{"type":"branch","line":101,"loc":{"start":{"line":101,"column":33},"end":{"line":113,"column":2}},"locations":[{"start":{"line":101,"column":33},"end":{"line":113,"column":2}}]},"14":{"type":"branch","line":105,"loc":{"start":{"line":105,"column":3},"end":{"line":108,"column":39}},"locations":[{"start":{"line":105,"column":3},"end":{"line":108,"column":39}}]},"15":{"type":"branch","line":108,"loc":{"start":{"line":108,"column":31},"end":{"line":108,"column":60}},"locations":[{"start":{"line":108,"column":31},"end":{"line":108,"column":60}}]},"16":{"type":"branch","line":108,"loc":{"start":{"line":108,"column":60},"end":{"line":110,"column":3}},"locations":[{"start":{"line":108,"column":60},"end":{"line":110,"column":3}}]},"17":{"type":"branch","line":110,"loc":{"start":{"line":110,"column":2},"end":{"line":113,"column":2}},"locations":[{"start":{"line":110,"column":2},"end":{"line":113,"column":2}}]},"18":{"type":"branch","line":115,"loc":{"start":{"line":115,"column":34},"end":{"line":131,"column":2}},"locations":[{"start":{"line":115,"column":34},"end":{"line":131,"column":2}}]},"19":{"type":"branch","line":123,"loc":{"start":{"line":123,"column":21},"end":{"line":124,"column":19}},"locations":[{"start":{"line":123,"column":21},"end":{"line":124,"column":19}}]},"20":{"type":"branch","line":124,"loc":{"start":{"line":124,"column":13},"end":{"line":125,"column":42}},"locations":[{"start":{"line":124,"column":13},"end":{"line":125,"column":42}}]},"21":{"type":"branch","line":126,"loc":{"start":{"line":126,"column":4},"end":{"line":131,"column":2}},"locations":[{"start":{"line":126,"column":4},"end":{"line":131,"column":2}}]},"22":{"type":"branch","line":133,"loc":{"start":{"line":133,"column":24},"end":{"line":140,"column":3}},"locations":[{"start":{"line":133,"column":24},"end":{"line":140,"column":3}}]},"23":{"type":"branch","line":139,"loc":{"start":{"line":139,"column":20},"end":{"line":139,"column":49}},"locations":[{"start":{"line":139,"column":20},"end":{"line":139,"column":49}}]},"24":{"type":"branch","line":139,"loc":{"start":{"line":139,"column":38},"end":{"line":139,"column":79}},"locations":[{"start":{"line":139,"column":38},"end":{"line":139,"column":79}}]},"25":{"type":"branch","line":139,"loc":{"start":{"line":139,"column":75},"end":{"line":139,"column":83}},"locations":[{"start":{"line":139,"column":75},"end":{"line":139,"column":83}}]},"26":{"type":"branch","line":142,"loc":{"start":{"line":142,"column":21},"end":{"line":172,"column":2}},"locations":[{"start":{"line":142,"column":21},"end":{"line":172,"column":2}}]},"27":{"type":"branch","line":152,"loc":{"start":{"line":152,"column":7},"end":{"line":152,"column":39}},"locations":[{"start":{"line":152,"column":7},"end":{"line":152,"column":39}}]},"28":{"type":"branch","line":152,"loc":{"start":{"line":152,"column":39},"end":{"line":154,"column":3}},"locations":[{"start":{"line":152,"column":39},"end":{"line":154,"column":3}}]},"29":{"type":"branch","line":154,"loc":{"start":{"line":154,"column":2},"end":{"line":157,"column":22}},"locations":[{"start":{"line":154,"column":2},"end":{"line":157,"column":22}}]},"30":{"type":"branch","line":157,"loc":{"start":{"line":157,"column":22},"end":{"line":159,"column":3}},"locations":[{"start":{"line":157,"column":22},"end":{"line":159,"column":3}}]},"31":{"type":"branch","line":159,"loc":{"start":{"line":159,"column":2},"end":{"line":169,"column":41}},"locations":[{"start":{"line":159,"column":2},"end":{"line":169,"column":41}}]},"32":{"type":"branch","line":169,"loc":{"start":{"line":169,"column":27},"end":{"line":169,"column":47}},"locations":[{"start":{"line":169,"column":27},"end":{"line":169,"column":47}}]},"33":{"type":"branch","line":143,"loc":{"start":{"line":143,"column":26},"end":{"line":150,"column":5}},"locations":[{"start":{"line":143,"column":26},"end":{"line":150,"column":5}}]},"34":{"type":"branch","line":145,"loc":{"start":{"line":145,"column":17},"end":{"line":147,"column":5}},"locations":[{"start":{"line":145,"column":17},"end":{"line":147,"column":5}}]},"35":{"type":"branch","line":147,"loc":{"start":{"line":147,"column":4},"end":{"line":149,"column":52}},"locations":[{"start":{"line":147,"column":4},"end":{"line":149,"column":52}}]},"36":{"type":"branch","line":174,"loc":{"start":{"line":174,"column":21},"end":{"line":184,"column":2}},"locations":[{"start":{"line":174,"column":21},"end":{"line":184,"column":2}}]},"37":{"type":"branch","line":177,"loc":{"start":{"line":177,"column":7},"end":{"line":177,"column":37}},"locations":[{"start":{"line":177,"column":7},"end":{"line":177,"column":37}}]},"38":{"type":"branch","line":177,"loc":{"start":{"line":177,"column":37},"end":{"line":179,"column":3}},"locations":[{"start":{"line":177,"column":37},"end":{"line":179,"column":3}}]},"39":{"type":"branch","line":179,"loc":{"start":{"line":179,"column":2},"end":{"line":184,"column":2}},"locations":[{"start":{"line":179,"column":2},"end":{"line":184,"column":2}}]},"40":{"type":"branch","line":186,"loc":{"start":{"line":186,"column":30},"end":{"line":189,"column":2}},"locations":[{"start":{"line":186,"column":30},"end":{"line":189,"column":2}}]}},"b":{"0":[10],"1":[4],"2":[0],"3":[6],"4":[0],"5":[3],"6":[2],"7":[2],"8":[1],"9":[3],"10":[0],"11":[1],"12":[0],"13":[4],"14":[3],"15":[3],"16":[0],"17":[3],"18":[2],"19":[1],"20":[1],"21":[1],"22":[5],"23":[4],"24":[4],"25":[1],"26":[6],"27":[5],"28":[2],"29":[4],"30":[1],"31":[3],"32":[0],"33":[6],"34":[4],"35":[2],"36":[3],"37":[2],"38":[1],"39":[2],"40":[1]},"fnMap":{"0":{"name":"normalizePem","decl":{"start":{"line":48,"column":21},"end":{"line":48,"column":76}},"loc":{"start":{"line":48,"column":21},"end":{"line":48,"column":76}},"line":48},"1":{"name":"getPrivateKey","decl":{"start":{"line":50,"column":22},"end":{"line":57,"column":2}},"loc":{"start":{"line":50,"column":22},"end":{"line":57,"column":2}},"line":50},"2":{"name":"getPublicKey","decl":{"start":{"line":59,"column":28},"end":{"line":66,"column":2}},"loc":{"start":{"line":59,"column":28},"end":{"line":66,"column":2}},"line":59},"3":{"name":"buildClaims","decl":{"start":{"line":68,"column":27},"end":{"line":73,"column":3}},"loc":{"start":{"line":68,"column":27},"end":{"line":73,"column":3}},"line":68},"4":{"name":"signAccessToken","decl":{"start":{"line":75,"column":31},"end":{"line":85,"column":2}},"loc":{"start":{"line":75,"column":31},"end":{"line":85,"column":2}},"line":75},"5":{"name":"signRefreshToken","decl":{"start":{"line":87,"column":32},"end":{"line":99,"column":2}},"loc":{"start":{"line":87,"column":32},"end":{"line":99,"column":2}},"line":87},"6":{"name":"verifyAccessToken","decl":{"start":{"line":101,"column":33},"end":{"line":113,"column":2}},"loc":{"start":{"line":101,"column":33},"end":{"line":113,"column":2}},"line":101},"7":{"name":"verifyRefreshToken","decl":{"start":{"line":115,"column":34},"end":{"line":131,"column":2}},"loc":{"start":{"line":115,"column":34},"end":{"line":131,"column":2}},"line":115},"8":{"name":"sanitizeProfile","decl":{"start":{"line":133,"column":24},"end":{"line":140,"column":3}},"loc":{"start":{"line":133,"column":24},"end":{"line":140,"column":3}},"line":133},"9":{"name":"login","decl":{"start":{"line":142,"column":21},"end":{"line":172,"column":2}},"loc":{"start":{"line":142,"column":21},"end":{"line":172,"column":2}},"line":142},"10":{"name":"getMe","decl":{"start":{"line":174,"column":21},"end":{"line":184,"column":2}},"loc":{"start":{"line":174,"column":21},"end":{"line":184,"column":2}},"line":174},"11":{"name":"getMeFromToken","decl":{"start":{"line":186,"column":30},"end":{"line":189,"column":2}},"loc":{"start":{"line":186,"column":30},"end":{"line":189,"column":2}},"line":186}},"f":{"0":10,"1":4,"2":6,"3":3,"4":3,"5":1,"6":4,"7":2,"8":5,"9":6,"10":3,"11":1}}
,"/Users/sergeKOUAME/DEV/ai-dev-system/projects/teams/EDUTRACK_CI/edutrack-api/src/modules/notifications/notifications.service.ts": {"path":"/Users/sergeKOUAME/DEV/ai-dev-system/projects/teams/EDUTRACK_CI/edutrack-api/src/modules/notifications/notifications.service.ts","all":false,"statementMap":{"0":{"start":{"line":1,"column":0},"end":{"line":1,"column":41}},"4":{"start":{"line":5,"column":0},"end":{"line":5,"column":63}},"5":{"start":{"line":6,"column":0},"end":{"line":6,"column":86}},"15":{"start":{"line":16,"column":0},"end":{"line":16,"column":8}},"20":{"start":{"line":21,"column":0},"end":{"line":21,"column":8}},"45":{"start":{"line":46,"column":0},"end":{"line":46,"column":21}},"46":{"start":{"line":47,"column":0},"end":{"line":47,"column":19}},"47":{"start":{"line":48,"column":0},"end":{"line":48,"column":13}},"48":{"start":{"line":49,"column":0},"end":{"line":49,"column":18}},"49":{"start":{"line":50,"column":0},"end":{"line":50,"column":20}},"50":{"start":{"line":51,"column":0},"end":{"line":51,"column":4}},"51":{"start":{"line":52,"column":0},"end":{"line":52,"column":32}},"52":{"start":{"line":53,"column":0},"end":{"line":53,"column":2}},"54":{"start":{"line":55,"column":0},"end":{"line":55,"column":76}},"55":{"start":{"line":56,"column":0},"end":{"line":56,"column":75}},"57":{"start":{"line":58,"column":0},"end":{"line":58,"column":15}},"58":{"start":{"line":59,"column":0},"end":{"line":59,"column":75}},"59":{"start":{"line":60,"column":0},"end":{"line":60,"column":12}},"60":{"start":{"line":61,"column":0},"end":{"line":61,"column":21}},"61":{"start":{"line":62,"column":0},"end":{"line":62,"column":26}},"62":{"start":{"line":63,"column":0},"end":{"line":63,"column":6}},"63":{"start":{"line":64,"column":0},"end":{"line":64,"column":3}},"65":{"start":{"line":66,"column":0},"end":{"line":66,"column":80}},"66":{"start":{"line":67,"column":0},"end":{"line":67,"column":10}},"67":{"start":{"line":68,"column":0},"end":{"line":68,"column":21}},"68":{"start":{"line":69,"column":0},"end":{"line":69,"column":48}},"69":{"start":{"line":70,"column":0},"end":{"line":70,"column":4}},"70":{"start":{"line":71,"column":0},"end":{"line":71,"column":2}},"72":{"start":{"line":73,"column":0},"end":{"line":73,"column":91}},"73":{"start":{"line":74,"column":0},"end":{"line":74,"column":67}},"74":{"start":{"line":75,"column":0},"end":{"line":75,"column":2}},"76":{"start":{"line":77,"column":0},"end":{"line":77,"column":31}},"88":{"start":{"line":89,"column":0},"end":{"line":89,"column":31}},"89":{"start":{"line":90,"column":0},"end":{"line":90,"column":10}},"90":{"start":{"line":91,"column":0},"end":{"line":91,"column":21}},"91":{"start":{"line":92,"column":0},"end":{"line":92,"column":18}},"92":{"start":{"line":93,"column":0},"end":{"line":93,"column":28}},"93":{"start":{"line":94,"column":0},"end":{"line":94,"column":46}},"94":{"start":{"line":95,"column":0},"end":{"line":95,"column":34}},"95":{"start":{"line":96,"column":0},"end":{"line":96,"column":32}},"96":{"start":{"line":97,"column":0},"end":{"line":97,"column":30}},"97":{"start":{"line":98,"column":0},"end":{"line":98,"column":30}},"98":{"start":{"line":99,"column":0},"end":{"line":99,"column":48}},"99":{"start":{"line":100,"column":0},"end":{"line":100,"column":4}},"100":{"start":{"line":101,"column":0},"end":{"line":101,"column":2}},"102":{"start":{"line":103,"column":0},"end":{"line":103,"column":99}},"103":{"start":{"line":104,"column":0},"end":{"line":104,"column":72}},"104":{"start":{"line":105,"column":0},"end":{"line":105,"column":80}},"105":{"start":{"line":106,"column":0},"end":{"line":106,"column":88}},"107":{"start":{"line":108,"column":0},"end":{"line":108,"column":76}},"108":{"start":{"line":109,"column":0},"end":{"line":109,"column":39}},"109":{"start":{"line":110,"column":0},"end":{"line":110,"column":2}},"111":{"start":{"line":112,"column":0},"end":{"line":112,"column":35}},"112":{"start":{"line":113,"column":0},"end":{"line":113,"column":71}},"116":{"start":{"line":117,"column":0},"end":{"line":117,"column":75}},"118":{"start":{"line":119,"column":0},"end":{"line":119,"column":6}},"119":{"start":{"line":120,"column":0},"end":{"line":120,"column":17}},"120":{"start":{"line":121,"column":0},"end":{"line":121,"column":21}},"121":{"start":{"line":122,"column":0},"end":{"line":122,"column":14}},"122":{"start":{"line":123,"column":0},"end":{"line":123,"column":17}},"123":{"start":{"line":124,"column":0},"end":{"line":124,"column":32}},"124":{"start":{"line":125,"column":0},"end":{"line":125,"column":33}},"125":{"start":{"line":126,"column":0},"end":{"line":126,"column":8}},"126":{"start":{"line":127,"column":0},"end":{"line":127,"column":6}},"127":{"start":{"line":128,"column":0},"end":{"line":128,"column":3}},"129":{"start":{"line":130,"column":0},"end":{"line":130,"column":87}},"130":{"start":{"line":131,"column":0},"end":{"line":131,"column":59}},"131":{"start":{"line":132,"column":0},"end":{"line":132,"column":77}},"132":{"start":{"line":133,"column":0},"end":{"line":133,"column":7}},"133":{"start":{"line":134,"column":0},"end":{"line":134,"column":4}},"135":{"start":{"line":136,"column":0},"end":{"line":136,"column":94}},"136":{"start":{"line":137,"column":0},"end":{"line":137,"column":62}},"137":{"start":{"line":138,"column":0},"end":{"line":138,"column":81}},"138":{"start":{"line":139,"column":0},"end":{"line":139,"column":7}},"139":{"start":{"line":140,"column":0},"end":{"line":140,"column":4}},"141":{"start":{"line":142,"column":0},"end":{"line":142,"column":91}},"142":{"start":{"line":143,"column":0},"end":{"line":143,"column":61}},"143":{"start":{"line":144,"column":0},"end":{"line":144,"column":79}},"144":{"start":{"line":145,"column":0},"end":{"line":145,"column":7}},"145":{"start":{"line":146,"column":0},"end":{"line":146,"column":4}},"147":{"start":{"line":148,"column":0},"end":{"line":148,"column":17}},"148":{"start":{"line":149,"column":0},"end":{"line":149,"column":68}},"149":{"start":{"line":150,"column":0},"end":{"line":150,"column":75}},"150":{"start":{"line":151,"column":0},"end":{"line":151,"column":72}},"151":{"start":{"line":152,"column":0},"end":{"line":152,"column":3}},"153":{"start":{"line":154,"column":0},"end":{"line":154,"column":16}},"154":{"start":{"line":155,"column":0},"end":{"line":155,"column":69}},"155":{"start":{"line":156,"column":0},"end":{"line":156,"column":76}},"156":{"start":{"line":157,"column":0},"end":{"line":157,"column":73}},"157":{"start":{"line":158,"column":0},"end":{"line":158,"column":3}},"159":{"start":{"line":160,"column":0},"end":{"line":160,"column":71}},"160":{"start":{"line":161,"column":0},"end":{"line":161,"column":78}},"161":{"start":{"line":162,"column":0},"end":{"line":162,"column":88}},"162":{"start":{"line":163,"column":0},"end":{"line":163,"column":36}},"163":{"start":{"line":164,"column":0},"end":{"line":164,"column":15}},"164":{"start":{"line":165,"column":0},"end":{"line":165,"column":7}},"166":{"start":{"line":167,"column":0},"end":{"line":167,"column":43}},"167":{"start":{"line":168,"column":0},"end":{"line":168,"column":41}},"168":{"start":{"line":169,"column":0},"end":{"line":169,"column":41}},"169":{"start":{"line":170,"column":0},"end":{"line":170,"column":33}},"170":{"start":{"line":171,"column":0},"end":{"line":171,"column":37}},"171":{"start":{"line":172,"column":0},"end":{"line":172,"column":37}},"172":{"start":{"line":173,"column":0},"end":{"line":173,"column":27}},"173":{"start":{"line":174,"column":0},"end":{"line":174,"column":9}},"175":{"start":{"line":176,"column":0},"end":{"line":176,"column":82}},"177":{"start":{"line":178,"column":0},"end":{"line":178,"column":35}},"178":{"start":{"line":179,"column":0},"end":{"line":179,"column":19}},"179":{"start":{"line":180,"column":0},"end":{"line":180,"column":22}},"180":{"start":{"line":181,"column":0},"end":{"line":181,"column":19}},"181":{"start":{"line":182,"column":0},"end":{"line":182,"column":36}},"182":{"start":{"line":183,"column":0},"end":{"line":183,"column":18}},"183":{"start":{"line":184,"column":0},"end":{"line":184,"column":52}},"184":{"start":{"line":185,"column":0},"end":{"line":185,"column":41}},"185":{"start":{"line":186,"column":0},"end":{"line":186,"column":40}},"186":{"start":{"line":187,"column":0},"end":{"line":187,"column":11}},"187":{"start":{"line":188,"column":0},"end":{"line":188,"column":9}},"188":{"start":{"line":189,"column":0},"end":{"line":189,"column":26}},"189":{"start":{"line":190,"column":0},"end":{"line":190,"column":33}},"190":{"start":{"line":191,"column":0},"end":{"line":191,"column":29}},"191":{"start":{"line":192,"column":0},"end":{"line":192,"column":9}},"192":{"start":{"line":193,"column":0},"end":{"line":193,"column":8}},"194":{"start":{"line":195,"column":0},"end":{"line":195,"column":66}},"195":{"start":{"line":196,"column":0},"end":{"line":196,"column":38}},"196":{"start":{"line":197,"column":0},"end":{"line":197,"column":46}},"197":{"start":{"line":198,"column":0},"end":{"line":198,"column":16}},"198":{"start":{"line":199,"column":0},"end":{"line":199,"column":25}},"199":{"start":{"line":200,"column":0},"end":{"line":200,"column":30}},"200":{"start":{"line":201,"column":0},"end":{"line":201,"column":38}},"201":{"start":{"line":202,"column":0},"end":{"line":202,"column":9}},"202":{"start":{"line":203,"column":0},"end":{"line":203,"column":7}},"203":{"start":{"line":204,"column":0},"end":{"line":204,"column":3}},"205":{"start":{"line":206,"column":0},"end":{"line":206,"column":77}},"206":{"start":{"line":207,"column":0},"end":{"line":207,"column":78}},"207":{"start":{"line":208,"column":0},"end":{"line":208,"column":86}},"208":{"start":{"line":209,"column":0},"end":{"line":209,"column":36}},"209":{"start":{"line":210,"column":0},"end":{"line":210,"column":15}},"210":{"start":{"line":211,"column":0},"end":{"line":211,"column":7}},"212":{"start":{"line":213,"column":0},"end":{"line":213,"column":71}},"214":{"start":{"line":215,"column":0},"end":{"line":215,"column":65}},"215":{"start":{"line":216,"column":0},"end":{"line":216,"column":41}},"216":{"start":{"line":217,"column":0},"end":{"line":217,"column":41}},"217":{"start":{"line":218,"column":0},"end":{"line":218,"column":43}},"218":{"start":{"line":219,"column":0},"end":{"line":219,"column":33}},"219":{"start":{"line":220,"column":0},"end":{"line":220,"column":37}},"220":{"start":{"line":221,"column":0},"end":{"line":221,"column":27}},"221":{"start":{"line":222,"column":0},"end":{"line":222,"column":37}},"222":{"start":{"line":223,"column":0},"end":{"line":223,"column":9}},"224":{"start":{"line":225,"column":0},"end":{"line":225,"column":75}},"226":{"start":{"line":227,"column":0},"end":{"line":227,"column":35}},"227":{"start":{"line":228,"column":0},"end":{"line":228,"column":19}},"228":{"start":{"line":229,"column":0},"end":{"line":229,"column":22}},"229":{"start":{"line":230,"column":0},"end":{"line":230,"column":19}},"230":{"start":{"line":231,"column":0},"end":{"line":231,"column":36}},"231":{"start":{"line":232,"column":0},"end":{"line":232,"column":18}},"232":{"start":{"line":233,"column":0},"end":{"line":233,"column":27}},"233":{"start":{"line":234,"column":0},"end":{"line":234,"column":41}},"234":{"start":{"line":235,"column":0},"end":{"line":235,"column":40}},"235":{"start":{"line":236,"column":0},"end":{"line":236,"column":30}},"236":{"start":{"line":237,"column":0},"end":{"line":237,"column":41}},"237":{"start":{"line":238,"column":0},"end":{"line":238,"column":43}},"238":{"start":{"line":239,"column":0},"end":{"line":239,"column":31}},"239":{"start":{"line":240,"column":0},"end":{"line":240,"column":12}},"240":{"start":{"line":241,"column":0},"end":{"line":241,"column":11}},"241":{"start":{"line":242,"column":0},"end":{"line":242,"column":9}},"242":{"start":{"line":243,"column":0},"end":{"line":243,"column":26}},"243":{"start":{"line":244,"column":0},"end":{"line":244,"column":33}},"244":{"start":{"line":245,"column":0},"end":{"line":245,"column":29}},"245":{"start":{"line":246,"column":0},"end":{"line":246,"column":9}},"246":{"start":{"line":247,"column":0},"end":{"line":247,"column":8}},"248":{"start":{"line":249,"column":0},"end":{"line":249,"column":66}},"249":{"start":{"line":250,"column":0},"end":{"line":250,"column":31}},"250":{"start":{"line":251,"column":0},"end":{"line":251,"column":46}},"251":{"start":{"line":252,"column":0},"end":{"line":252,"column":16}},"252":{"start":{"line":253,"column":0},"end":{"line":253,"column":25}},"253":{"start":{"line":254,"column":0},"end":{"line":254,"column":30}},"254":{"start":{"line":255,"column":0},"end":{"line":255,"column":38}},"255":{"start":{"line":256,"column":0},"end":{"line":256,"column":9}},"256":{"start":{"line":257,"column":0},"end":{"line":257,"column":7}},"257":{"start":{"line":258,"column":0},"end":{"line":258,"column":3}},"259":{"start":{"line":260,"column":0},"end":{"line":260,"column":75}},"260":{"start":{"line":261,"column":0},"end":{"line":261,"column":78}},"261":{"start":{"line":262,"column":0},"end":{"line":262,"column":45}},"262":{"start":{"line":263,"column":0},"end":{"line":263,"column":51}},"263":{"start":{"line":264,"column":0},"end":{"line":264,"column":33}},"264":{"start":{"line":265,"column":0},"end":{"line":265,"column":27}},"265":{"start":{"line":266,"column":0},"end":{"line":266,"column":41}},"266":{"start":{"line":267,"column":0},"end":{"line":267,"column":9}},"268":{"start":{"line":269,"column":0},"end":{"line":269,"column":82}},"270":{"start":{"line":271,"column":0},"end":{"line":271,"column":35}},"271":{"start":{"line":272,"column":0},"end":{"line":272,"column":19}},"272":{"start":{"line":273,"column":0},"end":{"line":273,"column":22}},"273":{"start":{"line":274,"column":0},"end":{"line":274,"column":19}},"274":{"start":{"line":275,"column":0},"end":{"line":275,"column":34}},"275":{"start":{"line":276,"column":0},"end":{"line":276,"column":18}},"276":{"start":{"line":277,"column":0},"end":{"line":277,"column":52}},"277":{"start":{"line":278,"column":0},"end":{"line":278,"column":41}},"278":{"start":{"line":279,"column":0},"end":{"line":279,"column":40}},"279":{"start":{"line":280,"column":0},"end":{"line":280,"column":11}},"280":{"start":{"line":281,"column":0},"end":{"line":281,"column":9}},"281":{"start":{"line":282,"column":0},"end":{"line":282,"column":26}},"282":{"start":{"line":283,"column":0},"end":{"line":283,"column":33}},"283":{"start":{"line":284,"column":0},"end":{"line":284,"column":29}},"284":{"start":{"line":285,"column":0},"end":{"line":285,"column":9}},"285":{"start":{"line":286,"column":0},"end":{"line":286,"column":8}},"287":{"start":{"line":288,"column":0},"end":{"line":288,"column":66}},"288":{"start":{"line":289,"column":0},"end":{"line":289,"column":38}},"289":{"start":{"line":290,"column":0},"end":{"line":290,"column":44}},"290":{"start":{"line":291,"column":0},"end":{"line":291,"column":16}},"291":{"start":{"line":292,"column":0},"end":{"line":292,"column":25}},"292":{"start":{"line":293,"column":0},"end":{"line":293,"column":30}},"293":{"start":{"line":294,"column":0},"end":{"line":294,"column":38}},"294":{"start":{"line":295,"column":0},"end":{"line":295,"column":9}},"295":{"start":{"line":296,"column":0},"end":{"line":296,"column":7}},"296":{"start":{"line":297,"column":0},"end":{"line":297,"column":3}},"297":{"start":{"line":298,"column":0},"end":{"line":298,"column":1}}},"s":{"0":1,"4":1,"5":1,"15":1,"20":1,"45":1,"46":1,"47":1,"48":1,"49":1,"50":1,"51":1,"52":1,"54":1,"55":0,"57":0,"58":0,"59":0,"60":0,"61":0,"62":0,"63":0,"65":0,"66":0,"67":0,"68":0,"69":0,"70":0,"72":1,"73":4,"74":4,"76":1,"88":4,"89":4,"90":4,"91":4,"92":4,"93":4,"94":4,"95":4,"96":4,"97":4,"98":4,"99":4,"100":4,"102":1,"103":1,"104":0,"105":0,"107":0,"108":0,"109":0,"111":1,"112":1,"116":8,"118":8,"119":8,"120":8,"121":8,"122":8,"123":8,"124":8,"125":8,"126":8,"127":8,"129":8,"130":0,"131":0,"132":0,"133":0,"135":8,"136":0,"137":0,"138":0,"139":0,"141":8,"142":0,"143":0,"144":0,"145":0,"147":1,"148":2,"149":2,"150":2,"151":2,"153":1,"154":1,"155":1,"156":1,"157":1,"159":1,"160":4,"161":4,"162":4,"163":2,"164":2,"166":2,"167":2,"168":2,"169":2,"170":2,"171":2,"172":2,"173":2,"175":2,"177":2,"178":2,"179":2,"180":2,"181":2,"182":2,"183":2,"184":2,"185":2,"186":2,"187":2,"188":2,"189":2,"190":2,"191":2,"192":2,"194":2,"195":2,"196":2,"197":2,"198":2,"199":2,"200":2,"201":2,"202":4,"203":4,"205":1,"206":1,"207":1,"208":1,"209":0,"210":0,"212":1,"214":1,"215":1,"216":1,"217":1,"218":1,"219":1,"220":1,"221":1,"222":1,"224":1,"226":1,"227":1,"228":1,"229":1,"230":1,"231":1,"232":1,"233":1,"234":1,"235":1,"236":1,"237":1,"238":1,"239":1,"240":1,"241":1,"242":1,"243":1,"244":1,"245":1,"246":1,"248":1,"249":1,"250":1,"251":1,"252":1,"253":1,"254":1,"255":1,"256":1,"257":1,"259":1,"260":1,"261":1,"262":1,"263":1,"264":1,"265":1,"266":1,"268":1,"270":1,"271":1,"272":1,"273":1,"274":1,"275":1,"276":1,"277":1,"278":1,"279":1,"280":1,"281":1,"282":1,"283":1,"284":1,"285":1,"287":1,"288":1,"289":1,"290":1,"291":1,"292":1,"293":1,"294":1,"295":1,"296":1,"297":1},"branchMap":{"0":{"type":"branch","line":73,"loc":{"start":{"line":73,"column":22},"end":{"line":75,"column":2}},"locations":[{"start":{"line":73,"column":22},"end":{"line":75,"column":2}}]},"1":{"type":"branch","line":77,"loc":{"start":{"line":77,"column":21},"end":{"line":101,"column":2}},"locations":[{"start":{"line":77,"column":21},"end":{"line":101,"column":2}}]},"2":{"type":"branch","line":103,"loc":{"start":{"line":103,"column":29},"end":{"line":110,"column":2}},"locations":[{"start":{"line":103,"column":29},"end":{"line":110,"column":2}}]},"3":{"type":"branch","line":104,"loc":{"start":{"line":104,"column":50},"end":{"line":110,"column":2}},"locations":[{"start":{"line":104,"column":50},"end":{"line":110,"column":2}}]},"4":{"type":"branch","line":113,"loc":{"start":{"line":113,"column":19},"end":{"line":146,"column":4}},"locations":[{"start":{"line":113,"column":19},"end":{"line":146,"column":4}}]},"5":{"type":"branch","line":117,"loc":{"start":{"line":117,"column":2},"end":{"line":128,"column":3}},"locations":[{"start":{"line":117,"column":2},"end":{"line":128,"column":3}}]},"6":{"type":"branch","line":125,"loc":{"start":{"line":125,"column":17},"end":{"line":125,"column":33}},"locations":[{"start":{"line":125,"column":17},"end":{"line":125,"column":33}}]},"7":{"type":"branch","line":148,"loc":{"start":{"line":148,"column":2},"end":{"line":152,"column":3}},"locations":[{"start":{"line":148,"column":2},"end":{"line":152,"column":3}}]},"8":{"type":"branch","line":154,"loc":{"start":{"line":154,"column":2},"end":{"line":158,"column":3}},"locations":[{"start":{"line":154,"column":2},"end":{"line":158,"column":3}}]},"9":{"type":"branch","line":160,"loc":{"start":{"line":160,"column":2},"end":{"line":204,"column":3}},"locations":[{"start":{"line":160,"column":2},"end":{"line":204,"column":3}}]},"10":{"type":"branch","line":161,"loc":{"start":{"line":161,"column":57},"end":{"line":203,"column":5}},"locations":[{"start":{"line":161,"column":57},"end":{"line":203,"column":5}}]},"11":{"type":"branch","line":163,"loc":{"start":{"line":163,"column":11},"end":{"line":163,"column":35}},"locations":[{"start":{"line":163,"column":11},"end":{"line":163,"column":35}}]},"12":{"type":"branch","line":163,"loc":{"start":{"line":163,"column":35},"end":{"line":202,"column":9}},"locations":[{"start":{"line":163,"column":35},"end":{"line":202,"column":9}}]},"13":{"type":"branch","line":206,"loc":{"start":{"line":206,"column":2},"end":{"line":258,"column":3}},"locations":[{"start":{"line":206,"column":2},"end":{"line":258,"column":3}}]},"14":{"type":"branch","line":207,"loc":{"start":{"line":207,"column":57},"end":{"line":257,"column":5}},"locations":[{"start":{"line":207,"column":57},"end":{"line":257,"column":5}}]},"15":{"type":"branch","line":209,"loc":{"start":{"line":209,"column":35},"end":{"line":211,"column":7}},"locations":[{"start":{"line":209,"column":35},"end":{"line":211,"column":7}}]},"16":{"type":"branch","line":260,"loc":{"start":{"line":260,"column":2},"end":{"line":297,"column":3}},"locations":[{"start":{"line":260,"column":2},"end":{"line":297,"column":3}}]},"17":{"type":"branch","line":261,"loc":{"start":{"line":261,"column":57},"end":{"line":296,"column":5}},"locations":[{"start":{"line":261,"column":57},"end":{"line":296,"column":5}}]}},"b":{"0":[4],"1":[4],"2":[1],"3":[0],"4":[8],"5":[8],"6":[0],"7":[2],"8":[1],"9":[4],"10":[4],"11":[3],"12":[2],"13":[1],"14":[1],"15":[0],"16":[1],"17":[1]},"fnMap":{"0":{"name":"defaultSmsSender","decl":{"start":{"line":55,"column":43},"end":{"line":71,"column":2}},"loc":{"start":{"line":55,"column":43},"end":{"line":71,"column":2}},"line":55},"1":{"name":"buildQueueRef","decl":{"start":{"line":73,"column":22},"end":{"line":75,"column":2}},"loc":{"start":{"line":73,"column":22},"end":{"line":75,"column":2}},"line":73},"2":{"name":"toSmsJobData","decl":{"start":{"line":77,"column":21},"end":{"line":101,"column":2}},"loc":{"start":{"line":77,"column":21},"end":{"line":101,"column":2}},"line":77},"3":{"name":"toQrNotificationType","decl":{"start":{"line":103,"column":29},"end":{"line":110,"column":2}},"loc":{"start":{"line":103,"column":29},"end":{"line":110,"column":2}},"line":103},"4":{"name":"<instance_members_initializer>","decl":{"start":{"line":113,"column":19},"end":{"line":146,"column":4}},"loc":{"start":{"line":113,"column":19},"end":{"line":146,"column":4}},"line":113},"5":{"name":"NotificationsService","decl":{"start":{"line":117,"column":2},"end":{"line":128,"column":3}},"loc":{"start":{"line":117,"column":2},"end":{"line":128,"column":3}},"line":117},"6":{"name":"teacherLateListener","decl":{"start":{"line":130,"column":41},"end":{"line":134,"column":4}},"loc":{"start":{"line":130,"column":41},"end":{"line":134,"column":4}},"line":130},"7":{"name":"teacherQrAlertListener","decl":{"start":{"line":136,"column":44},"end":{"line":140,"column":4}},"loc":{"start":{"line":136,"column":44},"end":{"line":140,"column":4}},"line":136},"8":{"name":"studentAbsentListener","decl":{"start":{"line":142,"column":43},"end":{"line":146,"column":4}},"loc":{"start":{"line":142,"column":43},"end":{"line":146,"column":4}},"line":142},"9":{"name":"start","decl":{"start":{"line":148,"column":2},"end":{"line":152,"column":3}},"loc":{"start":{"line":148,"column":2},"end":{"line":152,"column":3}},"line":148},"10":{"name":"stop","decl":{"start":{"line":154,"column":2},"end":{"line":158,"column":3}},"loc":{"start":{"line":154,"column":2},"end":{"line":158,"column":3}},"line":154},"11":{"name":"handleTeacherLate","decl":{"start":{"line":160,"column":2},"end":{"line":204,"column":3}},"loc":{"start":{"line":160,"column":2},"end":{"line":204,"column":3}},"line":160},"12":{"name":"handleTeacherQrAlert","decl":{"start":{"line":206,"column":2},"end":{"line":258,"column":3}},"loc":{"start":{"line":206,"column":2},"end":{"line":258,"column":3}},"line":206},"13":{"name":"handleStudentAbsent","decl":{"start":{"line":260,"column":2},"end":{"line":297,"column":3}},"loc":{"start":{"line":260,"column":2},"end":{"line":297,"column":3}},"line":260}},"f":{"0":0,"1":4,"2":4,"3":1,"4":8,"5":8,"6":0,"7":0,"8":0,"9":2,"10":1,"11":4,"12":1,"13":1}}
,"/Users/sergeKOUAME/DEV/ai-dev-system/projects/teams/EDUTRACK_CI/edutrack-api/src/shared/events/event-bus.ts": {"path":"/Users/sergeKOUAME/DEV/ai-dev-system/projects/teams/EDUTRACK_CI/edutrack-api/src/shared/events/event-bus.ts","all":false,"statementMap":{"0":{"start":{"line":1,"column":0},"end":{"line":1,"column":42}},"11":{"start":{"line":12,"column":0},"end":{"line":12,"column":33}},"13":{"start":{"line":14,"column":0},"end":{"line":14,"column":73}},"15":{"start":{"line":16,"column":0},"end":{"line":16,"column":16}},"16":{"start":{"line":17,"column":0},"end":{"line":17,"column":46}},"18":{"start":{"line":19,"column":0},"end":{"line":19,"column":17}},"19":{"start":{"line":20,"column":0},"end":{"line":20,"column":43}},"20":{"start":{"line":21,"column":0},"end":{"line":21,"column":21}},"21":{"start":{"line":22,"column":0},"end":{"line":22,"column":21}},"22":{"start":{"line":23,"column":0},"end":{"line":23,"column":19}},"23":{"start":{"line":24,"column":0},"end":{"line":24,"column":77}},"24":{"start":{"line":25,"column":0},"end":{"line":25,"column":7}},"25":{"start":{"line":26,"column":0},"end":{"line":26,"column":3}},"27":{"start":{"line":28,"column":0},"end":{"line":28,"column":37}},"28":{"start":{"line":29,"column":0},"end":{"line":29,"column":13}},"29":{"start":{"line":30,"column":0},"end":{"line":30,"column":33}},"30":{"start":{"line":31,"column":0},"end":{"line":31,"column":11}},"31":{"start":{"line":32,"column":0},"end":{"line":32,"column":48}},"32":{"start":{"line":33,"column":0},"end":{"line":33,"column":20}},"33":{"start":{"line":34,"column":0},"end":{"line":34,"column":21}},"34":{"start":{"line":35,"column":0},"end":{"line":35,"column":14}},"35":{"start":{"line":36,"column":0},"end":{"line":36,"column":22}},"36":{"start":{"line":37,"column":0},"end":{"line":37,"column":50}},"37":{"start":{"line":38,"column":0},"end":{"line":38,"column":8}},"38":{"start":{"line":39,"column":0},"end":{"line":39,"column":5}},"40":{"start":{"line":41,"column":0},"end":{"line":41,"column":48}},"41":{"start":{"line":42,"column":0},"end":{"line":42,"column":3}},"43":{"start":{"line":44,"column":0},"end":{"line":44,"column":69}},"44":{"start":{"line":45,"column":0},"end":{"line":45,"column":76}},"45":{"start":{"line":46,"column":0},"end":{"line":46,"column":3}},"47":{"start":{"line":48,"column":0},"end":{"line":48,"column":70}},"48":{"start":{"line":49,"column":0},"end":{"line":49,"column":77}},"49":{"start":{"line":50,"column":0},"end":{"line":50,"column":3}},"50":{"start":{"line":51,"column":0},"end":{"line":51,"column":1}},"52":{"start":{"line":53,"column":0},"end":{"line":53,"column":39}},"54":{"start":{"line":55,"column":0},"end":{"line":55,"column":51}},"55":{"start":{"line":56,"column":0},"end":{"line":56,"column":11}},"56":{"start":{"line":57,"column":0},"end":{"line":57,"column":31}},"57":{"start":{"line":58,"column":0},"end":{"line":58,"column":12}},"58":{"start":{"line":59,"column":0},"end":{"line":59,"column":32}},"59":{"start":{"line":60,"column":0},"end":{"line":60,"column":2}},"61":{"start":{"line":62,"column":0},"end":{"line":62,"column":40}},"62":{"start":{"line":63,"column":0},"end":{"line":63,"column":11}},"63":{"start":{"line":64,"column":0},"end":{"line":64,"column":41}},"64":{"start":{"line":65,"column":0},"end":{"line":65,"column":12}},"65":{"start":{"line":66,"column":0},"end":{"line":66,"column":30}},"66":{"start":{"line":67,"column":0},"end":{"line":67,"column":2}},"68":{"start":{"line":69,"column":0},"end":{"line":69,"column":41}},"69":{"start":{"line":70,"column":0},"end":{"line":70,"column":11}},"70":{"start":{"line":71,"column":0},"end":{"line":71,"column":41}},"71":{"start":{"line":72,"column":0},"end":{"line":72,"column":12}},"72":{"start":{"line":73,"column":0},"end":{"line":73,"column":31}},"73":{"start":{"line":74,"column":0},"end":{"line":74,"column":2}}},"s":{"0":1,"11":1,"13":1,"15":1,"16":1,"18":1,"19":2,"20":2,"21":2,"22":2,"23":2,"24":2,"25":2,"27":1,"28":10,"29":10,"30":10,"31":10,"32":10,"33":10,"34":10,"35":10,"36":10,"37":10,"38":10,"40":10,"41":10,"43":1,"44":8,"45":8,"47":1,"48":8,"49":8,"50":1,"52":1,"54":1,"55":10,"56":10,"57":10,"58":10,"59":10,"61":1,"62":8,"63":8,"64":8,"65":8,"66":8,"68":1,"69":8,"70":8,"71":8,"72":8,"73":8},"branchMap":{"0":{"type":"branch","line":17,"loc":{"start":{"line":17,"column":19},"end":{"line":17,"column":46}},"locations":[{"start":{"line":17,"column":19},"end":{"line":17,"column":46}}]},"1":{"type":"branch","line":19,"loc":{"start":{"line":19,"column":2},"end":{"line":26,"column":3}},"locations":[{"start":{"line":19,"column":2},"end":{"line":26,"column":3}}]},"2":{"type":"branch","line":28,"loc":{"start":{"line":28,"column":2},"end":{"line":42,"column":3}},"locations":[{"start":{"line":28,"column":2},"end":{"line":42,"column":3}}]},"3":{"type":"branch","line":44,"loc":{"start":{"line":44,"column":2},"end":{"line":46,"column":3}},"locations":[{"start":{"line":44,"column":2},"end":{"line":46,"column":3}}]},"4":{"type":"branch","line":48,"loc":{"start":{"line":48,"column":2},"end":{"line":50,"column":3}},"locations":[{"start":{"line":48,"column":2},"end":{"line":50,"column":3}}]},"5":{"type":"branch","line":55,"loc":{"start":{"line":55,"column":20},"end":{"line":60,"column":2}},"locations":[{"start":{"line":55,"column":20},"end":{"line":60,"column":2}}]},"6":{"type":"branch","line":62,"loc":{"start":{"line":62,"column":18},"end":{"line":67,"column":2}},"locations":[{"start":{"line":62,"column":18},"end":{"line":67,"column":2}}]},"7":{"type":"branch","line":69,"loc":{"start":{"line":69,"column":19},"end":{"line":74,"column":2}},"locations":[{"start":{"line":69,"column":19},"end":{"line":74,"column":2}}]}},"b":{"0":[2],"1":[2],"2":[10],"3":[8],"4":[8],"5":[10],"6":[8],"7":[8]},"fnMap":{"0":{"name":"<instance_members_initializer>","decl":{"start":{"line":17,"column":19},"end":{"line":17,"column":46}},"loc":{"start":{"line":17,"column":19},"end":{"line":17,"column":46}},"line":17},"1":{"name":"EventBus","decl":{"start":{"line":19,"column":2},"end":{"line":26,"column":3}},"loc":{"start":{"line":19,"column":2},"end":{"line":26,"column":3}},"line":19},"2":{"name":"emit","decl":{"start":{"line":28,"column":2},"end":{"line":42,"column":3}},"loc":{"start":{"line":28,"column":2},"end":{"line":42,"column":3}},"line":28},"3":{"name":"on","decl":{"start":{"line":44,"column":2},"end":{"line":46,"column":3}},"loc":{"start":{"line":44,"column":2},"end":{"line":46,"column":3}},"line":44},"4":{"name":"off","decl":{"start":{"line":48,"column":2},"end":{"line":50,"column":3}},"loc":{"start":{"line":48,"column":2},"end":{"line":50,"column":3}},"line":48},"5":{"name":"emit","decl":{"start":{"line":55,"column":20},"end":{"line":60,"column":2}},"loc":{"start":{"line":55,"column":20},"end":{"line":60,"column":2}},"line":55},"6":{"name":"on","decl":{"start":{"line":62,"column":18},"end":{"line":67,"column":2}},"loc":{"start":{"line":62,"column":18},"end":{"line":67,"column":2}},"line":62},"7":{"name":"off","decl":{"start":{"line":69,"column":19},"end":{"line":74,"column":2}},"loc":{"start":{"line":69,"column":19},"end":{"line":74,"column":2}},"line":69}},"f":{"0":2,"1":2,"2":10,"3":8,"4":8,"5":10,"6":8,"7":8}}
}
